<?xml version="1.0" encoding="UTF-8"?>
<!-- Generated by org.testng.reporters.JUnitReportReporter -->
<testsuite hostname="KAITLYN" failures="0" tests="13" name="dsAlgoTests.HomePageTests" time="40.624" errors="0" timestamp="2025-05-27T01:08:24 CDT" skipped="0">
  <testcase classname="dsAlgoTests.HomePageTests" name="VerifyWarningMsgOnGetStartedBtnClick" time="3.001"/>
  <testcase classname="dsAlgoTests.HomePageTests" name="VerifyWarningMsgOnGetStartedBtnClick" time="2.968"/>
  <testcase classname="dsAlgoTests.HomePageTests" name="VerifyWarningMsgOnGetStartedBtnClick" time="3.076"/>
  <testcase classname="dsAlgoTests.HomePageTests" name="VerifyWarningMsgOnDrpdwnClick" time="2.761"/>
  <testcase classname="dsAlgoTests.HomePageTests" name="VerifyWarningMsgOnDrpdwnClick" time="3.620"/>
  <testcase classname="dsAlgoTests.HomePageTests" name="VerifyWarningMsgOnDrpdwnClick" time="3.205"/>
  <testcase classname="dsAlgoTests.HomePageTests" name="VerifyWarningMsgOnDrpdwnClick" time="4.240"/>
  <testcase classname="dsAlgoTests.HomePageTests" name="VerifyWarningMsgOnDrpdwnClick" time="3.163"/>
  <testcase classname="dsAlgoTests.HomePageTests" name="VerifyWarningMsgOnGetStartedBtnClick" time="3.110"/>
  <testcase classname="dsAlgoTests.HomePageTests" name="VerifyWarningMsgOnGetStartedBtnClick" time="2.984"/>
  <testcase classname="dsAlgoTests.HomePageTests" name="userIsInlaunchPage" time="2.597"/>
  <testcase classname="dsAlgoTests.HomePageTests" name="VerifyWarningMsgOnDrpdwnClick" time="2.775"/>
  <testcase classname="dsAlgoTests.HomePageTests" name="VerifyWarningMsgOnGetStartedBtnClick" time="3.124"/>
</testsuite> <!-- dsAlgoTests.HomePageTests -->
