<?xml version="1.0" encoding="UTF-8"?>
<!-- Generated by org.testng.reporters.JUnitReportReporter -->
<testsuite hostname="KAITLYN" failures="0" tests="1" name="dsAlgoTests.ArrayPageTest" time="12.314" errors="0" timestamp="2025-05-24T02:54:08 CDT" skipped="0">
  <testcase classname="dsAlgoTests.ArrayPageTest" name="validCodeTryEditorsInPython" time="12.314"/>
</testsuite> <!-- dsAlgoTests.ArrayPageTest -->
