<?xml version="1.0" encoding="UTF-8"?>
<!-- Generated by org.testng.reporters.JUnitReportReporter -->
<testsuite hostname="AKK" failures="0" tests="1" name="dsAlgoTests.HomePageTests" time="4.511" errors="0" timestamp="2025-05-20T17:18:20 EDT" skipped="0">
  <testcase classname="dsAlgoTests.HomePageTests" name="userIsInlaunchPage" time="4.511"/>
</testsuite> <!-- dsAlgoTests.HomePageTests -->
