<?xml version="1.0" encoding="UTF-8"?>
<!-- Generated by org.testng.reporters.JUnitReportReporter -->
<testsuite hostname="KAITLYN" failures="0" tests="5" name="dsAlgoTests.RegisterPageTest" time="18.958" errors="0" timestamp="2025-05-27T01:08:24 CDT" skipped="0">
  <testcase classname="dsAlgoTests.RegisterPageTest" name="inValidUserNameReg" time="3.372"/>
  <testcase classname="dsAlgoTests.RegisterPageTest" name="invalidUserNameRegDetails" time="4.274"/>
  <testcase classname="dsAlgoTests.RegisterPageTest" name="invalidPswdDetails" time="2.942"/>
  <testcase classname="dsAlgoTests.RegisterPageTest" name="invalidPswdWithBlankDetails" time="4.032"/>
  <testcase classname="dsAlgoTests.RegisterPageTest" name="validUserDetails" time="4.338"/>
</testsuite> <!-- dsAlgoTests.RegisterPageTest -->
