<?xml version="1.0" encoding="UTF-8"?>
<!-- Generated by org.testng.reporters.JUnitReportReporter -->
<testsuite hostname="KAITLYN" failures="0" tests="13" name="dsAlgoTests.HomePageTests" time="239.533" errors="0" timestamp="2025-05-23T20:27:45 CDT" skipped="0">
  <testcase classname="dsAlgoTests.HomePageTests" name="VerifyWarningMsgOnDrpdwnClick" time="18.724"/>
  <testcase classname="dsAlgoTests.HomePageTests" name="VerifyWarningMsgOnGetStartedBtnClick" time="16.925"/>
  <testcase classname="dsAlgoTests.HomePageTests" name="VerifyWarningMsgOnGetStartedBtnClick" time="22.878"/>
  <testcase classname="dsAlgoTests.HomePageTests" name="VerifyWarningMsgOnDrpdwnClick" time="19.501"/>
  <testcase classname="dsAlgoTests.HomePageTests" name="VerifyWarningMsgOnDrpdwnClick" time="20.304"/>
  <testcase classname="dsAlgoTests.HomePageTests" name="VerifyWarningMsgOnGetStartedBtnClick" time="17.336"/>
  <testcase classname="dsAlgoTests.HomePageTests" name="VerifyWarningMsgOnDrpdwnClick" time="19.267"/>
  <testcase classname="dsAlgoTests.HomePageTests" name="VerifyWarningMsgOnGetStartedBtnClick" time="16.696"/>
  <testcase classname="dsAlgoTests.HomePageTests" name="userIsInlaunchPage" time="13.915"/>
  <testcase classname="dsAlgoTests.HomePageTests" name="VerifyWarningMsgOnGetStartedBtnClick" time="26.114"/>
  <testcase classname="dsAlgoTests.HomePageTests" name="VerifyWarningMsgOnDrpdwnClick" time="20.240"/>
  <testcase classname="dsAlgoTests.HomePageTests" name="VerifyWarningMsgOnDrpdwnClick" time="16.055"/>
  <testcase classname="dsAlgoTests.HomePageTests" name="VerifyWarningMsgOnGetStartedBtnClick" time="11.578"/>
</testsuite> <!-- dsAlgoTests.HomePageTests -->
