<?xml version="1.0" encoding="UTF-8"?>
<!-- Generated by org.testng.reporters.JUnitReportReporter -->
<testsuite hostname="KAITLYN" failures="1" tests="67" name="dsAlgoTests.TreePageTest" time="473.080" errors="0" timestamp="2025-05-27T01:08:24 CDT" skipped="0">
  <testcase classname="dsAlgoTests.TreePageTest" name="userInTreePage" time="5.223"/>
  <testcase classname="dsAlgoTests.TreePageTest" name="userInOverViewOfTreePage" time="6.100"/>
  <testcase classname="dsAlgoTests.TreePageTest" name="userInTryEditorOverviewofTrees" time="6.228"/>
  <testcase classname="dsAlgoTests.TreePageTest" name="userInOverviewTreesPracticeQuestionsPage" time="16.693">
    <failure message="No Practise Questions found expected [true] but found [false]" type="java.lang.AssertionError">
      <![CDATA[java.lang.AssertionError: No Practise Questions found expected [true] but found [false]
at org.testng.Assert.fail(Assert.java:111)
at org.testng.Assert.failNotEquals(Assert.java:1590)
at org.testng.Assert.assertTrue(Assert.java:57)
at dsAlgoTests.TreePageTest.userInOverviewTreesPracticeQuestionsPage(TreePageTest.java:75)
at java.base/jdk.internal.reflect.DirectMethodHandleAccessor.invoke(DirectMethodHandleAccessor.java:103)
at java.base/java.lang.reflect.Method.invoke(Method.java:580)
at org.testng.internal.invokers.MethodInvocationHelper.invokeMethod(MethodInvocationHelper.java:141)
at org.testng.internal.invokers.TestInvoker.invokeMethod(TestInvoker.java:687)
at org.testng.internal.invokers.TestInvoker.invokeTestMethod(TestInvoker.java:230)
at org.testng.internal.invokers.MethodRunner.runInSequence(MethodRunner.java:63)
at org.testng.internal.invokers.TestInvoker$MethodInvocationAgent.invoke(TestInvoker.java:995)
at org.testng.internal.invokers.TestInvoker.invokeTestMethods(TestInvoker.java:203)
at org.testng.internal.invokers.TestMethodWorker.invokeTestMethods(TestMethodWorker.java:154)
at org.testng.internal.invokers.TestMethodWorker.run(TestMethodWorker.java:134)
at java.base/java.util.ArrayList.forEach(ArrayList.java:1596)
at org.testng.TestRunner.privateRun(TestRunner.java:741)
at org.testng.TestRunner.run(TestRunner.java:616)
at org.testng.SuiteRunner.runTest(SuiteRunner.java:421)
at org.testng.SuiteRunner$SuiteWorker.run(SuiteRunner.java:463)
at org.testng.internal.thread.ThreadUtil.lambda$execute$0(ThreadUtil.java:64)
at java.base/java.util.concurrent.FutureTask.run(FutureTask.java:317)
at java.base/java.util.concurrent.ThreadPoolExecutor.runWorker(ThreadPoolExecutor.java:1144)
at java.base/java.util.concurrent.ThreadPoolExecutor$Worker.run(ThreadPoolExecutor.java:642)
at java.base/java.lang.Thread.run(Thread.java:1583)
]]>
    </failure>
  </testcase> <!-- userInOverviewTreesPracticeQuestionsPage -->
  <testcase classname="dsAlgoTests.TreePageTest" name="runInvalidCodeInOverviewOfTreesPaython" time="7.219"/>
  <testcase classname="dsAlgoTests.TreePageTest" name="runInvalidCodeInOverviewOfTreesPaython" time="6.797"/>
  <testcase classname="dsAlgoTests.TreePageTest" name="validCodeTryEditorOverviewOfTreesInPython" time="7.014"/>
  <testcase classname="dsAlgoTests.TreePageTest" name="userInTerminologiesOfTreePage" time="5.534"/>
  <testcase classname="dsAlgoTests.TreePageTest" name="userInTryEditorTerminologiesofTrees" time="6.732"/>
  <testcase classname="dsAlgoTests.TreePageTest" name="runInvalidCodeInTerminologiesPaython" time="7.532"/>
  <testcase classname="dsAlgoTests.TreePageTest" name="runInvalidCodeInTerminologiesPaython" time="7.486"/>
  <testcase classname="dsAlgoTests.TreePageTest" name="validCodeTryEditorTerminologiesInPython" time="7.121"/>
  <testcase classname="dsAlgoTests.TreePageTest" name="userInTypesOfTreesOnTreePage" time="5.679"/>
  <testcase classname="dsAlgoTests.TreePageTest" name="userInTryEditorTypesOfTreesOnTrees" time="6.896"/>
  <testcase classname="dsAlgoTests.TreePageTest" name="runInvalidCodeInTypesOfTreesOfPaython" time="7.408"/>
  <testcase classname="dsAlgoTests.TreePageTest" name="runInvalidCodeInTypesOfTreesOfPaython" time="8.737"/>
  <testcase classname="dsAlgoTests.TreePageTest" name="validCodeTryEditorTypesOfTreesOnInPython" time="6.731"/>
  <testcase classname="dsAlgoTests.TreePageTest" name="userInTreeTraversalssOnTreePage" time="5.446"/>
  <testcase classname="dsAlgoTests.TreePageTest" name="userInTryEditorTreeTraversalsOnTrees" time="7.029"/>
  <testcase classname="dsAlgoTests.TreePageTest" name="runInvalidCodeInTreeTraversalsOfPaython" time="7.007"/>
  <testcase classname="dsAlgoTests.TreePageTest" name="runInvalidCodeInTreeTraversalsOfPaython" time="7.610"/>
  <testcase classname="dsAlgoTests.TreePageTest" name="validCodeTryEditorTreeTraversalsOnInPython" time="7.173"/>
  <testcase classname="dsAlgoTests.TreePageTest" name="userInTraversalsIllustrationOnTreePage" time="5.798"/>
  <testcase classname="dsAlgoTests.TreePageTest" name="userInTryEditorTraversalsIllustrationOnTrees" time="6.825"/>
  <testcase classname="dsAlgoTests.TreePageTest" name="runInvalidCodeInTraversalsIllustrationOfPaython" time="7.466"/>
  <testcase classname="dsAlgoTests.TreePageTest" name="runInvalidCodeInTraversalsIllustrationOfPaython" time="7.504"/>
  <testcase classname="dsAlgoTests.TreePageTest" name="validCodeTryEditorTraversalsIllustrationOnInPython" time="7.162"/>
  <testcase classname="dsAlgoTests.TreePageTest" name="userInBinaryTreesOnTreePage" time="6.503"/>
  <testcase classname="dsAlgoTests.TreePageTest" name="userInTryEditorBinaryTreesOnTrees" time="7.696"/>
  <testcase classname="dsAlgoTests.TreePageTest" name="runInvalidCodeInBinaryTreesOfPaython" time="7.435"/>
  <testcase classname="dsAlgoTests.TreePageTest" name="runInvalidCodeInBinaryTreesOfPaython" time="7.555"/>
  <testcase classname="dsAlgoTests.TreePageTest" name="validCodeTryEditorBinaryTreesOnInPython" time="7.034"/>
  <testcase classname="dsAlgoTests.TreePageTest" name="userInTypesofBinaryTreesOnTreePage" time="5.697"/>
  <testcase classname="dsAlgoTests.TreePageTest" name="userInTryEditorTypesofBinaryTreesOnTrees" time="6.815"/>
  <testcase classname="dsAlgoTests.TreePageTest" name="runInvalidCodeInTypesofBinaryTreesOfPaython" time="6.936"/>
  <testcase classname="dsAlgoTests.TreePageTest" name="runInvalidCodeInTypesofBinaryTreesOfPaython" time="7.609"/>
  <testcase classname="dsAlgoTests.TreePageTest" name="validCodeTryEditorTypesofBinaryTreesInPython" time="7.087"/>
  <testcase classname="dsAlgoTests.TreePageTest" name="userInImplementationinPythonOnTreePage" time="5.985"/>
  <testcase classname="dsAlgoTests.TreePageTest" name="userInTryEditorImplementationinPythonOnTrees" time="6.931"/>
  <testcase classname="dsAlgoTests.TreePageTest" name="runInvalidCodeInTmplementationinPythonOfPaython" time="7.991"/>
  <testcase classname="dsAlgoTests.TreePageTest" name="runInvalidCodeInTmplementationinPythonOfPaython" time="7.596"/>
  <testcase classname="dsAlgoTests.TreePageTest" name="validCodeTryEditorImplementationinPythonInPython" time="7.431"/>
  <testcase classname="dsAlgoTests.TreePageTest" name="userInBinaryTreeTraversalsOnTreePage" time="5.620"/>
  <testcase classname="dsAlgoTests.TreePageTest" name="userInTryEditorBinaryTreeTraversalsOnTrees" time="7.060"/>
  <testcase classname="dsAlgoTests.TreePageTest" name="runInvalidCodeInBinaryTreeTraversalsOfPaython" time="6.953"/>
  <testcase classname="dsAlgoTests.TreePageTest" name="runInvalidCodeInBinaryTreeTraversalsOfPaython" time="6.838"/>
  <testcase classname="dsAlgoTests.TreePageTest" name="validCodeTryEditorBinaryTreeTraversalsInPython" time="7.298"/>
  <testcase classname="dsAlgoTests.TreePageTest" name="userInImplementationofBinaryTreesOnTreePage" time="5.939"/>
  <testcase classname="dsAlgoTests.TreePageTest" name="userInTryEditorImplementationofBinaryTreesOnTrees" time="6.671"/>
  <testcase classname="dsAlgoTests.TreePageTest" name="runInvalidCodeInImplementationofBinaryTreesOfPython" time="6.748"/>
  <testcase classname="dsAlgoTests.TreePageTest" name="runInvalidCodeInImplementationofBinaryTreesOfPython" time="7.517"/>
  <testcase classname="dsAlgoTests.TreePageTest" name="validCodeTryEditorImplementationofBinaryTreesInPython" time="7.355"/>
  <testcase classname="dsAlgoTests.TreePageTest" name="userInApplicationsOfBinaryTreesOnTreePage" time="5.658"/>
  <testcase classname="dsAlgoTests.TreePageTest" name="userInTryEditorApplicationsOfBinaryTreesOnTrees" time="7.206"/>
  <testcase classname="dsAlgoTests.TreePageTest" name="runInvalidCodeInApplicationsOfBinaryTreesOfPython" time="7.227"/>
  <testcase classname="dsAlgoTests.TreePageTest" name="runInvalidCodeInApplicationsOfBinaryTreesOfPython" time="8.256"/>
  <testcase classname="dsAlgoTests.TreePageTest" name="validCodeTryEditorApplicationsOfBinaryTreesInPython" time="7.341"/>
  <testcase classname="dsAlgoTests.TreePageTest" name="userInBinarySearchTreesOnTreePage" time="5.904"/>
  <testcase classname="dsAlgoTests.TreePageTest" name="userInTryEditorBinarySearchTreesOnTrees" time="6.834"/>
  <testcase classname="dsAlgoTests.TreePageTest" name="runInvalidCodeInBinarySearchTreesOfPython" time="6.714"/>
  <testcase classname="dsAlgoTests.TreePageTest" name="runInvalidCodeInBinarySearchTreesOfPython" time="7.677"/>
  <testcase classname="dsAlgoTests.TreePageTest" name="validCodeTryEditorBinarySearchTreesInPython" time="7.684"/>
  <testcase classname="dsAlgoTests.TreePageTest" name="userInImplementationOfBSTOnTreePage" time="5.566"/>
  <testcase classname="dsAlgoTests.TreePageTest" name="userInTryEditorImplementationOfBSTOnTrees" time="6.356"/>
  <testcase classname="dsAlgoTests.TreePageTest" name="runInvalidCodeInImplementationOfBSTOfPython" time="7.058"/>
  <testcase classname="dsAlgoTests.TreePageTest" name="runInvalidCodeInImplementationOfBSTOfPython" time="7.741"/>
  <testcase classname="dsAlgoTests.TreePageTest" name="validCodeTryEditorImplementationOfBSTInPython" time="7.408"/>
</testsuite> <!-- dsAlgoTests.TreePageTest -->
