<?xml version="1.0" encoding="UTF-8"?>
<!-- Generated by org.testng.reporters.JUnitReportReporter -->
<testsuite hostname="AKK" failures="0" tests="1" name="dsAlgoTests.LoginPageTest" time="8.896" errors="0" timestamp="2025-05-16T00:02:55 EDT" skipped="0">
  <testcase classname="dsAlgoTests.LoginPageTest" name="userShouldSignInWithValidLogin" time="8.896"/>
</testsuite> <!-- dsAlgoTests.LoginPageTest -->
