<?xml version="1.0" encoding="UTF-8"?>
<!-- Generated by org.testng.reporters.JUnitReportReporter -->
<testsuite hostname="AKK" failures="0" tests="4" name="dsAlgoTests.LoginPageTest" time="36.469" errors="0" timestamp="2025-05-16T01:20:28 EDT" skipped="0">
  <testcase classname="dsAlgoTests.LoginPageTest" name="userShouldSignInWithValidLogin" time="8.711"/>
  <testcase classname="dsAlgoTests.LoginPageTest" name="userClickSignOut" time="17.390"/>
  <testcase classname="dsAlgoTests.LoginPageTest" name="userEntersInvalidLogin" time="5.133"/>
  <testcase classname="dsAlgoTests.LoginPageTest" name="userSignedIntoDsAlgo" time="5.235"/>
</testsuite> <!-- dsAlgoTests.LoginPageTest -->
