<?xml version="1.0" encoding="UTF-8"?>
<!-- Generated by org.testng.reporters.JUnitReportReporter -->
<testsuite hostname="AKK" failures="0" tests="5" name="dsAlgoTests.RegisterPageTest" time="19.753" errors="0" timestamp="2025-05-23T23:13:34 EDT" skipped="0">
  <testcase classname="dsAlgoTests.RegisterPageTest" name="invalidUserNameReg" time="3.938"/>
  <testcase classname="dsAlgoTests.RegisterPageTest" name="invalidUserNameRegDetails" time="3.873"/>
  <testcase classname="dsAlgoTests.RegisterPageTest" name="invalidPswdDetails" time="4.235"/>
  <testcase classname="dsAlgoTests.RegisterPageTest" name="invalidPswdWithBlankDetails" time="3.788"/>
  <testcase classname="dsAlgoTests.RegisterPageTest" name="validUserDetails" time="3.919"/>
</testsuite> <!-- dsAlgoTests.RegisterPageTest -->
