<?xml version="1.0" encoding="UTF-8"?>
<!-- Generated by org.testng.reporters.JUnitReportReporter -->
<testsuite hostname="KAITLYN" failures="0" tests="31" name="dsAlgoTests.QueuePageTest" time="71.963" errors="1" timestamp="2025-05-20T23:37:13 CDT" skipped="30">
  <testcase classname="dsAlgoTests.QueuePageTest" name="userInHomePage" time="2.267">
    <error message="Cannot invoke &quot;Manager.PageObjectManager.getHomePageObject()&quot; because &quot;this.pageObjectManagerObj&quot; is null" type="java.lang.NullPointerException">
      <![CDATA[java.lang.NullPointerException: Cannot invoke "Manager.PageObjectManager.getHomePageObject()" because "this.pageObjectManagerObj" is null
at dsAlgoTests.ArrayPageTest.validLogin(ArrayPageTest.java:35)
at dsAlgoTests.QueuePageTest.userInHomePage(QueuePageTest.java:22)
at java.base/jdk.internal.reflect.DirectMethodHandleAccessor.invoke(DirectMethodHandleAccessor.java:103)
at java.base/java.lang.reflect.Method.invoke(Method.java:580)
at org.testng.internal.invokers.MethodInvocationHelper.invokeMethod(MethodInvocationHelper.java:141)
at org.testng.internal.invokers.MethodInvocationHelper.invokeMethodConsideringTimeout(MethodInvocationHelper.java:71)
at org.testng.internal.invokers.ConfigInvoker.invokeConfigurationMethod(ConfigInvoker.java:400)
at org.testng.internal.invokers.ConfigInvoker.invokeConfigurations(ConfigInvoker.java:333)
at org.testng.internal.invokers.TestInvoker.runConfigMethods(TestInvoker.java:836)
at org.testng.internal.invokers.TestInvoker.invokeMethod(TestInvoker.java:601)
at org.testng.internal.invokers.TestInvoker.invokeTestMethod(TestInvoker.java:230)
at org.testng.internal.invokers.MethodRunner.runInSequence(MethodRunner.java:63)
at org.testng.internal.invokers.TestInvoker$MethodInvocationAgent.invoke(TestInvoker.java:995)
at org.testng.internal.invokers.TestInvoker.invokeTestMethods(TestInvoker.java:203)
at org.testng.internal.invokers.TestMethodWorker.invokeTestMethods(TestMethodWorker.java:154)
at org.testng.internal.invokers.TestMethodWorker.run(TestMethodWorker.java:134)
at java.base/java.util.ArrayList.forEach(ArrayList.java:1596)
at org.testng.TestRunner.privateRun(TestRunner.java:741)
at org.testng.TestRunner.run(TestRunner.java:616)
at org.testng.SuiteRunner.runTest(SuiteRunner.java:421)
at org.testng.SuiteRunner.runSequentially(SuiteRunner.java:413)
at org.testng.SuiteRunner.privateRun(SuiteRunner.java:373)
at org.testng.SuiteRunner.run(SuiteRunner.java:312)
at org.testng.SuiteRunnerWorker.runSuite(SuiteRunnerWorker.java:52)
at org.testng.SuiteRunnerWorker.run(SuiteRunnerWorker.java:95)
at org.testng.TestNG.runSuitesSequentially(TestNG.java:1274)
at org.testng.TestNG.runSuitesLocally(TestNG.java:1208)
at org.testng.TestNG.runSuites(TestNG.java:1112)
at org.testng.TestNG.run(TestNG.java:1079)
at org.testng.remote.AbstractRemoteTestNG.run(AbstractRemoteTestNG.java:115)
at org.testng.remote.RemoteTestNG.initAndRun(RemoteTestNG.java:293)
at org.testng.remote.RemoteTestNG.main(RemoteTestNG.java:91)
]]>
    </error>
  </testcase> <!-- userInHomePage -->
  <testcase classname="dsAlgoTests.QueuePageTest" name="userInGetStartedQueuePage" time="2.687">
    <skipped/>
  </testcase> <!-- userInGetStartedQueuePage -->
  <testcase classname="dsAlgoTests.QueuePageTest" name="userInDropDownQueuePage" time="2.368">
    <skipped/>
  </testcase> <!-- userInDropDownQueuePage -->
  <testcase classname="dsAlgoTests.QueuePageTest" name="userInImplOfQueue" time="2.195">
    <skipped/>
  </testcase> <!-- userInImplOfQueue -->
  <testcase classname="dsAlgoTests.QueuePageTest" name="userInTryEditorImplOfQueue" time="2.374">
    <skipped/>
  </testcase> <!-- userInTryEditorImplOfQueue -->
  <testcase classname="dsAlgoTests.QueuePageTest" name="inValidCodeTryEditorImplOfQueue" time="2.256">
    <skipped/>
  </testcase> <!-- inValidCodeTryEditorImplOfQueue -->
  <testcase classname="dsAlgoTests.QueuePageTest" name="inValidCodeTryEditorImplOfQueue" time="2.210">
    <skipped/>
  </testcase> <!-- inValidCodeTryEditorImplOfQueue -->
  <testcase classname="dsAlgoTests.QueuePageTest" name="inValidCodeTryEditorImplOfQueue" time="2.436">
    <skipped/>
  </testcase> <!-- inValidCodeTryEditorImplOfQueue -->
  <testcase classname="dsAlgoTests.QueuePageTest" name="validCodeTryEditorImplOfQueue" time="2.360">
    <skipped/>
  </testcase> <!-- validCodeTryEditorImplOfQueue -->
  <testcase classname="dsAlgoTests.QueuePageTest" name="practiseQtnsImplOfQueue" time="2.276">
    <skipped/>
  </testcase> <!-- practiseQtnsImplOfQueue -->
  <testcase classname="dsAlgoTests.QueuePageTest" name="userInImplUsingCollections" time="2.428">
    <skipped/>
  </testcase> <!-- userInImplUsingCollections -->
  <testcase classname="dsAlgoTests.QueuePageTest" name="userInTryEditorImplUsingCollections" time="2.397">
    <skipped/>
  </testcase> <!-- userInTryEditorImplUsingCollections -->
  <testcase classname="dsAlgoTests.QueuePageTest" name="inValidCodeTryEditorImplUsingCollections" time="2.509">
    <skipped/>
  </testcase> <!-- inValidCodeTryEditorImplUsingCollections -->
  <testcase classname="dsAlgoTests.QueuePageTest" name="inValidCodeTryEditorImplUsingCollections" time="2.334">
    <skipped/>
  </testcase> <!-- inValidCodeTryEditorImplUsingCollections -->
  <testcase classname="dsAlgoTests.QueuePageTest" name="inValidCodeTryEditorImplUsingCollections" time="2.313">
    <skipped/>
  </testcase> <!-- inValidCodeTryEditorImplUsingCollections -->
  <testcase classname="dsAlgoTests.QueuePageTest" name="validCodeTryEditorImplUsingCollections" time="2.285">
    <skipped/>
  </testcase> <!-- validCodeTryEditorImplUsingCollections -->
  <testcase classname="dsAlgoTests.QueuePageTest" name="practiseQtnsImplUsingCollections" time="2.259">
    <skipped/>
  </testcase> <!-- practiseQtnsImplUsingCollections -->
  <testcase classname="dsAlgoTests.QueuePageTest" name="userInImplUsingArray" time="2.508">
    <skipped/>
  </testcase> <!-- userInImplUsingArray -->
  <testcase classname="dsAlgoTests.QueuePageTest" name="userInTryEditorImplUsingArray" time="2.416">
    <skipped/>
  </testcase> <!-- userInTryEditorImplUsingArray -->
  <testcase classname="dsAlgoTests.QueuePageTest" name="inValidCodeTryEditorImplUsingArray" time="2.433">
    <skipped/>
  </testcase> <!-- inValidCodeTryEditorImplUsingArray -->
  <testcase classname="dsAlgoTests.QueuePageTest" name="inValidCodeTryEditorImplUsingArray" time="2.747">
    <skipped/>
  </testcase> <!-- inValidCodeTryEditorImplUsingArray -->
  <testcase classname="dsAlgoTests.QueuePageTest" name="inValidCodeTryEditorImplUsingArray" time="2.442">
    <skipped/>
  </testcase> <!-- inValidCodeTryEditorImplUsingArray -->
  <testcase classname="dsAlgoTests.QueuePageTest" name="validCodeTryEditorImplUsingArray" time="2.502">
    <skipped/>
  </testcase> <!-- validCodeTryEditorImplUsingArray -->
  <testcase classname="dsAlgoTests.QueuePageTest" name="practiseQtnsImplUsingArray" time="2.373">
    <skipped/>
  </testcase> <!-- practiseQtnsImplUsingArray -->
  <testcase classname="dsAlgoTests.QueuePageTest" name="userInQueueOperation" time="2.229">
    <skipped/>
  </testcase> <!-- userInQueueOperation -->
  <testcase classname="dsAlgoTests.QueuePageTest" name="userInTryEditorQueueOperation" time="2.501">
    <skipped/>
  </testcase> <!-- userInTryEditorQueueOperation -->
  <testcase classname="dsAlgoTests.QueuePageTest" name="inValidCodeTryEditorQueueOperation" time="2.504">
    <skipped/>
  </testcase> <!-- inValidCodeTryEditorQueueOperation -->
  <testcase classname="dsAlgoTests.QueuePageTest" name="inValidCodeTryEditorQueueOperation" time="2.445">
    <skipped/>
  </testcase> <!-- inValidCodeTryEditorQueueOperation -->
  <testcase classname="dsAlgoTests.QueuePageTest" name="inValidCodeTryEditorQueueOperation" time="2.473">
    <skipped/>
  </testcase> <!-- inValidCodeTryEditorQueueOperation -->
  <testcase classname="dsAlgoTests.QueuePageTest" name="validCodeTryEditorQueueOperation" time="2.436">
    <skipped/>
  </testcase> <!-- validCodeTryEditorQueueOperation -->
  <testcase classname="dsAlgoTests.QueuePageTest" name="practiseQtnsQueueOperation" time="0.000">
    <skipped/>
  </testcase> <!-- practiseQtnsQueueOperation -->
</testsuite> <!-- dsAlgoTests.QueuePageTest -->
