<?xml version="1.0" encoding="UTF-8"?>
<!-- Generated by org.testng.reporters.JUnitReportReporter -->
<testsuite hostname="KAITLYN" failures="2" tests="18" name="dsAlgoTests.GraphPageTests" time="115.336" errors="0" timestamp="2025-05-27T01:08:24 CDT" skipped="4">
  <testcase classname="dsAlgoTests.GraphPageTests" name="userInGetStartedQueuePage" time="4.740"/>
  <testcase classname="dsAlgoTests.GraphPageTests" name="userInDropDownGraphPage" time="4.735"/>
  <testcase classname="dsAlgoTests.GraphPageTests" name="userInSubLinkGraphPage" time="5.831"/>
  <testcase classname="dsAlgoTests.GraphPageTests" name="inValidCodeTryEditorForGraphSubLink" time="6.701"/>
  <testcase classname="dsAlgoTests.GraphPageTests" name="inValidCodeTryEditorForGraphSubLink" time="7.514">
    <failure message="expected [true] but found [false]" type="java.lang.AssertionError">
      <![CDATA[java.lang.AssertionError: expected [true] but found [false]
at org.testng.Assert.fail(Assert.java:111)
at org.testng.Assert.failNotEquals(Assert.java:1590)
at org.testng.Assert.assertTrue(Assert.java:57)
at org.testng.Assert.assertTrue(Assert.java:67)
at dsAlgoTests.GraphPageTests.inValidCodeTryEditorForGraphSubLink(GraphPageTests.java:58)
at java.base/jdk.internal.reflect.DirectMethodHandleAccessor.invoke(DirectMethodHandleAccessor.java:103)
at java.base/java.lang.reflect.Method.invoke(Method.java:580)
at org.testng.internal.invokers.MethodInvocationHelper.invokeMethod(MethodInvocationHelper.java:141)
at org.testng.internal.invokers.TestInvoker.invokeMethod(TestInvoker.java:687)
at org.testng.internal.invokers.TestInvoker.retryFailed(TestInvoker.java:269)
at org.testng.internal.invokers.MethodRunner.runInSequence(MethodRunner.java:76)
at org.testng.internal.invokers.TestInvoker$MethodInvocationAgent.invoke(TestInvoker.java:995)
at org.testng.internal.invokers.TestInvoker.invokeTestMethods(TestInvoker.java:203)
at org.testng.internal.invokers.TestMethodWorker.invokeTestMethods(TestMethodWorker.java:154)
at org.testng.internal.invokers.TestMethodWorker.run(TestMethodWorker.java:134)
at java.base/java.util.ArrayList.forEach(ArrayList.java:1596)
at org.testng.TestRunner.privateRun(TestRunner.java:741)
at org.testng.TestRunner.run(TestRunner.java:616)
at org.testng.SuiteRunner.runTest(SuiteRunner.java:421)
at org.testng.SuiteRunner$SuiteWorker.run(SuiteRunner.java:463)
at org.testng.internal.thread.ThreadUtil.lambda$execute$0(ThreadUtil.java:64)
at java.base/java.util.concurrent.FutureTask.run(FutureTask.java:317)
at java.base/java.util.concurrent.ThreadPoolExecutor.runWorker(ThreadPoolExecutor.java:1144)
at java.base/java.util.concurrent.ThreadPoolExecutor$Worker.run(ThreadPoolExecutor.java:642)
at java.base/java.lang.Thread.run(Thread.java:1583)
]]>
    </failure>
  </testcase> <!-- inValidCodeTryEditorForGraphSubLink -->
  <testcase classname="dsAlgoTests.GraphPageTests" name="inValidCodeTryEditorForGraphSubLink" time="6.952">
    <skipped/>
  </testcase> <!-- inValidCodeTryEditorForGraphSubLink -->
  <testcase classname="dsAlgoTests.GraphPageTests" name="inValidCodeTryEditorForGraphSubLink" time="6.702"/>
  <testcase classname="dsAlgoTests.GraphPageTests" name="inValidCodeTryEditorForGraphSubLink" time="6.349">
    <skipped/>
  </testcase> <!-- inValidCodeTryEditorForGraphSubLink -->
  <testcase classname="dsAlgoTests.GraphPageTests" name="validCodeTryEditorGraphSubLink" time="7.125"/>
  <testcase classname="dsAlgoTests.GraphPageTests" name="practiseQtnsGraphLink" time="6.113"/>
  <testcase classname="dsAlgoTests.GraphPageTests" name="userInGraphRepresentationsLink" time="5.826"/>
  <testcase classname="dsAlgoTests.GraphPageTests" name="inValidCodeTryEditorGraphRepresentationsLink" time="6.519"/>
  <testcase classname="dsAlgoTests.GraphPageTests" name="inValidCodeTryEditorGraphRepresentationsLink" time="7.137">
    <failure message="expected [true] but found [false]" type="java.lang.AssertionError">
      <![CDATA[java.lang.AssertionError: expected [true] but found [false]
at org.testng.Assert.fail(Assert.java:111)
at org.testng.Assert.failNotEquals(Assert.java:1590)
at org.testng.Assert.assertTrue(Assert.java:57)
at org.testng.Assert.assertTrue(Assert.java:67)
at dsAlgoTests.GraphPageTests.inValidCodeTryEditorGraphRepresentationsLink(GraphPageTests.java:105)
at java.base/jdk.internal.reflect.DirectMethodHandleAccessor.invoke(DirectMethodHandleAccessor.java:103)
at java.base/java.lang.reflect.Method.invoke(Method.java:580)
at org.testng.internal.invokers.MethodInvocationHelper.invokeMethod(MethodInvocationHelper.java:141)
at org.testng.internal.invokers.TestInvoker.invokeMethod(TestInvoker.java:687)
at org.testng.internal.invokers.TestInvoker.retryFailed(TestInvoker.java:269)
at org.testng.internal.invokers.MethodRunner.runInSequence(MethodRunner.java:76)
at org.testng.internal.invokers.TestInvoker$MethodInvocationAgent.invoke(TestInvoker.java:995)
at org.testng.internal.invokers.TestInvoker.invokeTestMethods(TestInvoker.java:203)
at org.testng.internal.invokers.TestMethodWorker.invokeTestMethods(TestMethodWorker.java:154)
at org.testng.internal.invokers.TestMethodWorker.run(TestMethodWorker.java:134)
at java.base/java.util.ArrayList.forEach(ArrayList.java:1596)
at org.testng.TestRunner.privateRun(TestRunner.java:741)
at org.testng.TestRunner.run(TestRunner.java:616)
at org.testng.SuiteRunner.runTest(SuiteRunner.java:421)
at org.testng.SuiteRunner$SuiteWorker.run(SuiteRunner.java:463)
at org.testng.internal.thread.ThreadUtil.lambda$execute$0(ThreadUtil.java:64)
at java.base/java.util.concurrent.FutureTask.run(FutureTask.java:317)
at java.base/java.util.concurrent.ThreadPoolExecutor.runWorker(ThreadPoolExecutor.java:1144)
at java.base/java.util.concurrent.ThreadPoolExecutor$Worker.run(ThreadPoolExecutor.java:642)
at java.base/java.lang.Thread.run(Thread.java:1583)
]]>
    </failure>
  </testcase> <!-- inValidCodeTryEditorGraphRepresentationsLink -->
  <testcase classname="dsAlgoTests.GraphPageTests" name="inValidCodeTryEditorGraphRepresentationsLink" time="7.100"/>
  <testcase classname="dsAlgoTests.GraphPageTests" name="inValidCodeTryEditorGraphRepresentationsLink" time="6.778">
    <skipped/>
  </testcase> <!-- inValidCodeTryEditorGraphRepresentationsLink -->
  <testcase classname="dsAlgoTests.GraphPageTests" name="inValidCodeTryEditorGraphRepresentationsLink" time="6.480">
    <skipped/>
  </testcase> <!-- inValidCodeTryEditorGraphRepresentationsLink -->
  <testcase classname="dsAlgoTests.GraphPageTests" name="validCodeTryEditorGraphRepresentationsLink" time="6.987"/>
  <testcase classname="dsAlgoTests.GraphPageTests" name="practiseQtnsGraphRepresentationsLink" time="5.747"/>
</testsuite> <!-- dsAlgoTests.GraphPageTests -->
