<?xml version="1.0" encoding="UTF-8"?>
<!-- Generated by org.testng.reporters.JUnitReportReporter -->
<testsuite hostname="KAITLYN" failures="0" tests="13" name="dsAlgoTests.HomePageTests" time="43.434" errors="0" timestamp="2025-05-20T23:37:13 CDT" skipped="0">
  <testcase classname="dsAlgoTests.HomePageTests" name="VerifyWarningMsgOnGetStartedBtnClick" time="3.386"/>
  <testcase classname="dsAlgoTests.HomePageTests" name="userIsInlaunchPage" time="2.902"/>
  <testcase classname="dsAlgoTests.HomePageTests" name="VerifyWarningMsgOnGetStartedBtnClick" time="3.317"/>
  <testcase classname="dsAlgoTests.HomePageTests" name="VerifyWarningMsgOnDrpdwnClick" time="3.250"/>
  <testcase classname="dsAlgoTests.HomePageTests" name="VerifyWarningMsgOnDrpdwnClick" time="3.622"/>
  <testcase classname="dsAlgoTests.HomePageTests" name="VerifyWarningMsgOnGetStartedBtnClick" time="3.591"/>
  <testcase classname="dsAlgoTests.HomePageTests" name="VerifyWarningMsgOnDrpdwnClick" time="3.256"/>
  <testcase classname="dsAlgoTests.HomePageTests" name="VerifyWarningMsgOnGetStartedBtnClick" time="3.352"/>
  <testcase classname="dsAlgoTests.HomePageTests" name="VerifyWarningMsgOnDrpdwnClick" time="3.690"/>
  <testcase classname="dsAlgoTests.HomePageTests" name="VerifyWarningMsgOnGetStartedBtnClick" time="3.056"/>
  <testcase classname="dsAlgoTests.HomePageTests" name="VerifyWarningMsgOnDrpdwnClick" time="3.279"/>
  <testcase classname="dsAlgoTests.HomePageTests" name="VerifyWarningMsgOnGetStartedBtnClick" time="3.482"/>
  <testcase classname="dsAlgoTests.HomePageTests" name="VerifyWarningMsgOnDrpdwnClick" time="3.251"/>
</testsuite> <!-- dsAlgoTests.HomePageTests -->
